c:\users\user\desktop\vsmainproject\debug\vsmainproject.pch
c:\users\user\desktop\vsmainproject\debug\stdafx.obj
c:\users\user\desktop\vsmainproject\debug\vc110.pdb
c:\users\user\desktop\vsmainproject\debug\vsmainproject.obj
c:\users\user\desktop\vsmainproject\debug\vsmainproject.ilk
c:\users\user\desktop\vsmainproject\debug\vsmainproject.exe
c:\users\user\desktop\vsmainproject\debug\vsmainproject.pdb
c:\users\егор\desktop\vsmainproject\debug\vsmainproject.pch
c:\users\егор\desktop\vsmainproject\debug\vc140.pdb
c:\users\егор\desktop\vsmainproject\debug\vc140.idb
c:\users\егор\desktop\vsmainproject\debug\stdafx.obj
c:\users\егор\desktop\vsmainproject\debug\vsmainproject.obj
c:\users\егор\desktop\vsmainproject\debug\vsmainproject.ilk
c:\users\егор\desktop\vsmainproject\debug\vsmainproject.exe
c:\users\егор\desktop\vsmainproject\debug\vsmainproject.pdb
c:\users\егор\desktop\vsmainproject\debug\vsmainproject.obj.enc
c:\users\егор\desktop\vsmainproject\debug\cl.command.1.tlog
c:\users\егор\desktop\vsmainproject\debug\cl.read.1.tlog
c:\users\егор\desktop\vsmainproject\debug\cl.write.1.tlog
c:\users\егор\desktop\vsmainproject\debug\link-cvtres.read.1.tlog
c:\users\егор\desktop\vsmainproject\debug\link-cvtres.write.1.tlog
c:\users\егор\desktop\vsmainproject\debug\link-rc.read.1.tlog
c:\users\егор\desktop\vsmainproject\debug\link-rc.write.1.tlog
c:\users\егор\desktop\vsmainproject\debug\link.4312-cvtres.read.1.tlog
c:\users\егор\desktop\vsmainproject\debug\link.4312-cvtres.write.1.tlog
c:\users\егор\desktop\vsmainproject\debug\link.4312-rc.read.1.tlog
c:\users\егор\desktop\vsmainproject\debug\link.4312-rc.write.1.tlog
c:\users\егор\desktop\vsmainproject\debug\link.4312.read.1.tlog
c:\users\егор\desktop\vsmainproject\debug\link.4312.write.1.tlog
c:\users\егор\desktop\vsmainproject\debug\link.4348-cvtres.read.1.tlog
c:\users\егор\desktop\vsmainproject\debug\link.4348-cvtres.write.1.tlog
c:\users\егор\desktop\vsmainproject\debug\link.4348-rc.read.1.tlog
c:\users\егор\desktop\vsmainproject\debug\link.4348-rc.write.1.tlog
c:\users\егор\desktop\vsmainproject\debug\link.4348.read.1.tlog
c:\users\егор\desktop\vsmainproject\debug\link.4348.write.1.tlog
c:\users\егор\desktop\vsmainproject\debug\link.4536-cvtres.read.1.tlog
c:\users\егор\desktop\vsmainproject\debug\link.4536-cvtres.write.1.tlog
c:\users\егор\desktop\vsmainproject\debug\link.4536-rc.read.1.tlog
c:\users\егор\desktop\vsmainproject\debug\link.4536-rc.write.1.tlog
c:\users\егор\desktop\vsmainproject\debug\link.4536.read.1.tlog
c:\users\егор\desktop\vsmainproject\debug\link.4536.write.1.tlog
c:\users\егор\desktop\vsmainproject\debug\link.4708-cvtres.read.1.tlog
c:\users\егор\desktop\vsmainproject\debug\link.4708-cvtres.write.1.tlog
c:\users\егор\desktop\vsmainproject\debug\link.4708-rc.read.1.tlog
c:\users\егор\desktop\vsmainproject\debug\link.4708-rc.write.1.tlog
c:\users\егор\desktop\vsmainproject\debug\link.4708.read.1.tlog
c:\users\егор\desktop\vsmainproject\debug\link.4708.write.1.tlog
c:\users\егор\desktop\vsmainproject\debug\link.5292-cvtres.read.1.tlog
c:\users\егор\desktop\vsmainproject\debug\link.5292-cvtres.write.1.tlog
c:\users\егор\desktop\vsmainproject\debug\link.5292-rc.read.1.tlog
c:\users\егор\desktop\vsmainproject\debug\link.5292-rc.write.1.tlog
c:\users\егор\desktop\vsmainproject\debug\link.5292.read.1.tlog
c:\users\егор\desktop\vsmainproject\debug\link.5292.write.1.tlog
c:\users\егор\desktop\vsmainproject\debug\link.5472-cvtres.read.1.tlog
c:\users\егор\desktop\vsmainproject\debug\link.5472-cvtres.write.1.tlog
c:\users\егор\desktop\vsmainproject\debug\link.5472-rc.read.1.tlog
c:\users\егор\desktop\vsmainproject\debug\link.5472-rc.write.1.tlog
c:\users\егор\desktop\vsmainproject\debug\link.5472.read.1.tlog
c:\users\егор\desktop\vsmainproject\debug\link.5472.write.1.tlog
c:\users\егор\desktop\vsmainproject\debug\link.command.1.tlog
c:\users\егор\desktop\vsmainproject\debug\link.read.1.tlog
c:\users\егор\desktop\vsmainproject\debug\link.write.1.tlog
c:\users\егор\desktop\vsmainproject\debug\vc110.idb
c:\users\егор\desktop\vsmainproject\debug\vc110.pdb
c:\users\егор\desktop\vsmainproject\debug\vsmainproject.tlog\cl.command.1.tlog
c:\users\егор\desktop\vsmainproject\debug\vsmainproject.tlog\cl.read.1.tlog
c:\users\егор\desktop\vsmainproject\debug\vsmainproject.tlog\cl.write.1.tlog
c:\users\егор\desktop\vsmainproject\debug\vsmainproject.tlog\link.command.1.tlog
c:\users\егор\desktop\vsmainproject\debug\vsmainproject.tlog\link.read.1.tlog
c:\users\егор\desktop\vsmainproject\debug\vsmainproject.tlog\link.write.1.tlog
