  VSmainProject.cpp
c:\users\егор\desktop\vsmainproject\eglcolor.h(36): warning C4244: аргумент: преобразование "float" в "BYTE", возможна потеря данных
c:\users\егор\desktop\vsmainproject\eglcolor.h(43): warning C4244: аргумент: преобразование "float" в "BYTE", возможна потеря данных
c:\users\егор\desktop\vsmainproject\eglcolor.h(57): warning C4244: *=: преобразование "float" в "BYTE", возможна потеря данных
c:\users\егор\desktop\vsmainproject\eglcolor.h(58): warning C4244: *=: преобразование "float" в "BYTE", возможна потеря данных
c:\users\егор\desktop\vsmainproject\eglcolor.h(59): warning C4244: *=: преобразование "float" в "BYTE", возможна потеря данных
c:\users\егор\desktop\vsmainproject\eglcolor.h(75): warning C4244: аргумент: преобразование "float" в "BYTE", возможна потеря данных
c:\users\егор\desktop\vsmainproject\raster\fillfunctions.h(166): warning C4244: инициализация: преобразование "double" в "short", возможна потеря данных
c:\users\егор\desktop\vsmainproject\raster\fillfunctions.h(167): warning C4244: инициализация: преобразование "double" в "short", возможна потеря данных
c:\users\егор\desktop\vsmainproject\raster\fillfunctions.h(375): warning C4244: инициализация: преобразование "double" в "short", возможна потеря данных
c:\users\егор\desktop\vsmainproject\raster\fillfunctions.h(376): warning C4244: инициализация: преобразование "double" в "short", возможна потеря данных
c:\users\егор\desktop\vsmainproject\egllight.h(73): warning C4244: +=: преобразование "float" в "UINT", возможна потеря данных
c:\users\егор\desktop\vsmainproject\egllight.h(74): warning C4244: +=: преобразование "float" в "UINT", возможна потеря данных
c:\users\егор\desktop\vsmainproject\egllight.h(75): warning C4244: +=: преобразование "float" в "UINT", возможна потеря данных
c:\users\егор\desktop\vsmainproject\object.h(136): warning C4473: "fscanf_s": передано недостаточно аргументов для строки формата
  c:\users\егор\desktop\vsmainproject\object.h(136): note: заполнители и их параметры ожидают переменное число аргументов в количестве 2, но было предоставлено 1
  c:\users\егор\desktop\vsmainproject\object.h(136): note: отсутствующий вариативный аргумент "2" требуется для строки форматирования "%s"
  c:\users\егор\desktop\vsmainproject\object.h(136): note: этот аргумент используется в качестве размера буфера
c:\users\егор\desktop\vsmainproject\object.h(147): warning C4473: "fscanf_s": передано недостаточно аргументов для строки формата
  c:\users\егор\desktop\vsmainproject\object.h(147): note: заполнители и их параметры ожидают переменное число аргументов в количестве 2, но было предоставлено 1
  c:\users\егор\desktop\vsmainproject\object.h(147): note: отсутствующий вариативный аргумент "2" требуется для строки форматирования "%s"
  c:\users\егор\desktop\vsmainproject\object.h(147): note: этот аргумент используется в качестве размера буфера
c:\users\егор\desktop\vsmainproject\object.h(252): warning C4244: аргумент: преобразование "float" в "short", возможна потеря данных
c:\users\егор\desktop\vsmainproject\object.h(257): warning C4244: аргумент: преобразование "float" в "short", возможна потеря данных
c:\users\егор\desktop\vsmainproject\object.h(259): warning C4244: аргумент: преобразование "float" в "short", возможна потеря данных
c:\users\егор\desktop\vsmainproject\object.h(261): warning C4244: аргумент: преобразование "float" в "short", возможна потеря данных
c:\users\егор\desktop\vsmainproject\graph.h(142): warning C4244: аргумент: преобразование "double" в "float", возможна потеря данных
c:\users\егор\desktop\vsmainproject\eglpipeline.h(44): warning C4244: аргумент: преобразование "float" в "short", возможна потеря данных
c:\users\егор\desktop\vsmainproject\eglpipeline.h(46): warning C4244: аргумент: преобразование "float" в "short", возможна потеря данных
c:\users\егор\desktop\vsmainproject\eglpipeline.h(48): warning C4244: аргумент: преобразование "float" в "short", возможна потеря данных
c:\users\егор\desktop\vsmainproject\eglpipeline.h(73): warning C4244: аргумент: преобразование "float" в "short", возможна потеря данных
c:\users\егор\desktop\vsmainproject\eglpipeline.h(93): warning C4244: аргумент: преобразование "float" в "short", возможна потеря данных
c:\users\егор\desktop\vsmainproject\eglpipeline.h(150): warning C4244: аргумент: преобразование "const LONG" в "float", возможна потеря данных
c:\users\егор\desktop\vsmainproject\vsmainproject.cpp(14): warning C4244: аргумент: преобразование "float" в "short", возможна потеря данных
c:\users\егор\desktop\vsmainproject\vsmainproject.cpp(54): warning C4305: аргумент: усечение из "double" к "float"
  VSmainProject.vcxproj -> C:\Users\Егор\Desktop\VSmainProject\Debug\VSmainProject.exe
