  VSmainProject.cpp
c:\users\егор\desktop\vsmainproject\EGLcolor.h(36): warning C4244: аргумент: преобразование "float" в "BYTE", возможна потеря данных
c:\users\егор\desktop\vsmainproject\EGLcolor.h(43): warning C4244: аргумент: преобразование "float" в "BYTE", возможна потеря данных
c:\users\егор\desktop\vsmainproject\EGLcolor.h(57): warning C4244: *=: преобразование "float" в "BYTE", возможна потеря данных
c:\users\егор\desktop\vsmainproject\EGLcolor.h(58): warning C4244: *=: преобразование "float" в "BYTE", возможна потеря данных
c:\users\егор\desktop\vsmainproject\EGLcolor.h(59): warning C4244: *=: преобразование "float" в "BYTE", возможна потеря данных
c:\users\егор\desktop\vsmainproject\EGLcolor.h(75): warning C4244: аргумент: преобразование "float" в "BYTE", возможна потеря данных
c:\users\егор\desktop\vsmainproject\FillFunctions.h(166): warning C4244: инициализация: преобразование "double" в "short", возможна потеря данных
c:\users\егор\desktop\vsmainproject\FillFunctions.h(167): warning C4244: инициализация: преобразование "double" в "short", возможна потеря данных
c:\users\егор\desktop\vsmainproject\FillFunctions.h(375): warning C4244: инициализация: преобразование "double" в "short", возможна потеря данных
c:\users\егор\desktop\vsmainproject\FillFunctions.h(376): warning C4244: инициализация: преобразование "double" в "short", возможна потеря данных
c:\users\егор\desktop\vsmainproject\Light.h(58): warning C4244: +=: преобразование "float" в "UINT", возможна потеря данных
c:\users\егор\desktop\vsmainproject\Light.h(59): warning C4244: +=: преобразование "float" в "UINT", возможна потеря данных
c:\users\егор\desktop\vsmainproject\Light.h(60): warning C4244: +=: преобразование "float" в "UINT", возможна потеря данных
c:\users\егор\desktop\vsmainproject\Object.h(136): warning C4473: "fscanf_s": передано недостаточно аргументов для строки формата
  c:\users\егор\desktop\vsmainproject\Object.h(136): note: заполнители и их параметры ожидают переменное число аргументов в количестве 2, но было предоставлено 1
  c:\users\егор\desktop\vsmainproject\Object.h(136): note: отсутствующий вариативный аргумент "2" требуется для строки форматирования "%s"
  c:\users\егор\desktop\vsmainproject\Object.h(136): note: этот аргумент используется в качестве размера буфера
c:\users\егор\desktop\vsmainproject\Object.h(147): warning C4473: "fscanf_s": передано недостаточно аргументов для строки формата
  c:\users\егор\desktop\vsmainproject\Object.h(147): note: заполнители и их параметры ожидают переменное число аргументов в количестве 2, но было предоставлено 1
  c:\users\егор\desktop\vsmainproject\Object.h(147): note: отсутствующий вариативный аргумент "2" требуется для строки форматирования "%s"
  c:\users\егор\desktop\vsmainproject\Object.h(147): note: этот аргумент используется в качестве размера буфера
c:\users\егор\desktop\vsmainproject\Object.h(255): warning C4244: аргумент: преобразование "float" в "short", возможна потеря данных
c:\users\егор\desktop\vsmainproject\Object.h(260): warning C4244: аргумент: преобразование "float" в "short", возможна потеря данных
c:\users\егор\desktop\vsmainproject\Object.h(262): warning C4244: аргумент: преобразование "float" в "short", возможна потеря данных
c:\users\егор\desktop\vsmainproject\Object.h(264): warning C4244: аргумент: преобразование "float" в "short", возможна потеря данных
c:\users\егор\desktop\vsmainproject\Graph.h(129): warning C4244: аргумент: преобразование "double" в "float", возможна потеря данных
VSmainProject.cpp(20): warning C4244: аргумент: преобразование "float" в "short", возможна потеря данных
  Создание кода
  1 of 688 functions ( 0.1%) were compiled, the rest were copied from previous compilation.
    0 functions were new in current compilation
    0 functions had inline decision re-evaluated but remain unchanged
  Создание кода завершено
  VSmainProject.vcxproj -> C:\Users\Егор\Desktop\VSmainProject\Release\VSmainProject.exe
